[17:21:43] [main/INFO]: Loading Minecraft 1.21.1 with Fabric Loader 0.16.9
[17:21:43] [main/INFO]: Loading 93 mods:
	- almanac 1.0.2
	- alternate-current 1.9.0
	- cardinal-components 6.1.1
	   |-- cardinal-components-base 6.1.1
	   |-- cardinal-components-block 6.1.1
	   |-- cardinal-components-chunk 6.1.1
	   |-- cardinal-components-entity 6.1.1
	   |-- cardinal-components-item 6.1.1
	   |-- cardinal-components-level 6.1.1
	   |-- cardinal-components-scoreboard 6.1.1
	   \-- cardinal-components-world 6.1.1
	- cloth-config 15.0.140
	   \-- cloth-basic-math 0.6.1
	- clumps 19.0.0.1
	- entityculling 1.7.0
	- fabric-api 0.107.0+1.21.1
	   |-- fabric-api-base 0.4.42+6573ed8c19
	   |-- fabric-api-lookup-api-v1 1.6.69+b559734419
	   |-- fabric-biome-api-v1 13.0.30+be1ed2d719
	   |-- fabric-block-api-v1 1.0.22+0af3f5a719
	   |-- fabric-block-view-api-v2 1.0.10+6573ed8c19
	   |-- fabric-blockrenderlayer-v1 1.1.52+0af3f5a719
	   |-- fabric-client-tags-api-v1 1.1.15+6573ed8c19
	   |-- fabric-command-api-v1 1.2.49+f71b366f19
	   |-- fabric-command-api-v2 2.2.28+6ced4dd919
	   |-- fabric-commands-v0 0.2.66+df3654b319
	   |-- fabric-content-registries-v0 8.0.17+b559734419
	   |-- fabric-convention-tags-v1 2.1.1+7f945d5b19
	   |-- fabric-convention-tags-v2 2.9.1+7fd4837519
	   |-- fabric-crash-report-info-v1 0.2.29+0af3f5a719
	   |-- fabric-data-attachment-api-v1 1.2.0+e49211d819
	   |-- fabric-data-generation-api-v1 20.2.22+16c4ae2519
	   |-- fabric-dimensions-v1 4.0.0+6fc22b9919
	   |-- fabric-entity-events-v1 1.7.0+2122d82819
	   |-- fabric-events-interaction-v0 0.7.13+ba9dae0619
	   |-- fabric-game-rule-api-v1 1.0.53+6ced4dd919
	   |-- fabric-item-api-v1 11.1.1+d5debaed19
	   |-- fabric-item-group-api-v1 4.1.6+6823f7cd19
	   |-- fabric-key-binding-api-v1 1.0.47+0af3f5a719
	   |-- fabric-keybindings-v0 0.2.45+df3654b319
	   |-- fabric-lifecycle-events-v1 2.4.0+0f6c53cd19
	   |-- fabric-loot-api-v2 3.0.15+3f89f5a519
	   |-- fabric-loot-api-v3 1.0.3+3f89f5a519
	   |-- fabric-message-api-v1 6.0.13+6573ed8c19
	   |-- fabric-model-loading-api-v1 2.0.0+fe474d6b19
	   |-- fabric-networking-api-v1 4.3.0+c7469b2119
	   |-- fabric-object-builder-api-v1 15.2.1+40875a9319
	   |-- fabric-particles-v1 4.0.2+6573ed8c19
	   |-- fabric-recipe-api-v1 5.0.13+6508971219
	   |-- fabric-registry-sync-v0 5.1.3+60c3209b19
	   |-- fabric-renderer-api-v1 3.4.0+c705a49c19
	   |-- fabric-renderer-indigo 1.7.0+c705a49c19
	   |-- fabric-renderer-registries-v1 3.2.68+df3654b319
	   |-- fabric-rendering-data-attachment-v1 0.3.48+73761d2e19
	   |-- fabric-rendering-fluids-v1 3.1.6+1daea21519
	   |-- fabric-rendering-v0 1.1.71+df3654b319
	   |-- fabric-rendering-v1 5.0.5+df16efd019
	   |-- fabric-resource-conditions-api-v1 4.3.0+8dc279b119
	   |-- fabric-resource-loader-v0 1.3.1+5b5275af19
	   |-- fabric-screen-api-v1 2.0.25+8b68f1c719
	   |-- fabric-screen-handler-api-v1 1.3.87+b559734419
	   |-- fabric-sound-api-v1 1.0.23+6573ed8c19
	   |-- fabric-transfer-api-v1 5.4.1+95bead5f19
	   \-- fabric-transitive-access-wideners-v1 6.1.0+1daea21519
	- fabric-language-kotlin 1.12.3+kotlin.2.0.21
	   |-- org_jetbrains_kotlin_kotlin-reflect 2.0.21
	   |-- org_jetbrains_kotlin_kotlin-stdlib 2.0.21
	   |-- org_jetbrains_kotlin_kotlin-stdlib-jdk7 2.0.21
	   |-- org_jetbrains_kotlin_kotlin-stdlib-jdk8 2.0.21
	   |-- org_jetbrains_kotlinx_atomicfu-jvm 0.25.0
	   |-- org_jetbrains_kotlinx_kotlinx-coroutines-core-jvm 1.9.0
	   |-- org_jetbrains_kotlinx_kotlinx-coroutines-jdk8 1.9.0
	   |-- org_jetbrains_kotlinx_kotlinx-datetime-jvm 0.6.1
	   |-- org_jetbrains_kotlinx_kotlinx-io-bytestring-jvm 0.5.4
	   |-- org_jetbrains_kotlinx_kotlinx-io-core-jvm 0.5.4
	   |-- org_jetbrains_kotlinx_kotlinx-serialization-cbor-jvm 1.7.3
	   |-- org_jetbrains_kotlinx_kotlinx-serialization-core-jvm 1.7.3
	   \-- org_jetbrains_kotlinx_kotlinx-serialization-json-jvm 1.7.3
	- fabricloader 0.16.9
	   \-- mixinextras 0.4.1
	- ferritecore 7.0.0
	- fishingrodfix 1.21-0.3
	- fzzy_config 0.5.4+1.21
	   |-- blue_endless_jankson 1.2.3
	   |-- fabric-permissions-api-v0 0.3.1
	   \-- net_peanuuutz_tomlkt_tomlkt-jvm 0.3.7
	- java 21
	- jei 19.19.6.233
	- letmedespawn 1.4.4
	- lithium 0.13.1
	- minecraft 1.21.1
	- modernfix 5.19.3+mc1.21.1
	- placeholder-api 2.4.1+1.21
	- sodiumleafculling 1.0.0
	- teamaddoners 2.0.0
	- travelersbackpack 10.1.3
	- yet_another_config_lib_v3 3.5.0+1.21-fabric
	   |-- com_twelvemonkeys_common_common-image 3.10.0
	   |-- com_twelvemonkeys_common_common-io 3.10.0
	   |-- com_twelvemonkeys_common_common-lang 3.10.0
	   |-- com_twelvemonkeys_imageio_imageio-core 3.10.0
	   |-- com_twelvemonkeys_imageio_imageio-metadata 3.10.0
	   |-- com_twelvemonkeys_imageio_imageio-webp 3.10.0
	   |-- org_quiltmc_parsers_gson 0.2.1
	   \-- org_quiltmc_parsers_json 0.2.1
[17:21:44] [main/INFO]: SpongePowered MIXIN Subsystem Version=0.8.7 Source=file:/workspaces/Server-Tecnico/servidor_minecraft/libraries/net/fabricmc/sponge-mixin/0.15.4+mixin.0.8.7/sponge-mixin-0.15.4+mixin.0.8.7.jar Service=Knot/Fabric Env=SERVER
[17:21:44] [main/INFO]: Compatibility level set to JAVA_21
[17:21:44] [main/INFO]: Loaded configuration file for Lithium: 144 options available, 1 override(s) found
[17:21:44] [main/INFO]: Loaded configuration file for ModernFix 5.19.3+mc1.21.1: 54 options available, 0 override(s) found
[17:21:44] [main/INFO]: Applying Nashorn fix
[17:21:45] [main/WARN]: Force-disabling mixin 'alloc.blockstate.StateMixin' as rule 'mixin.alloc.blockstate' (added by mods [ferritecore]) disables it and children
[17:21:45] [main/WARN]: Error loading class: net/caffeinemc/mods/sodium/client/render/frapi/render/AbstractBlockRenderContext (java.lang.ClassNotFoundException: net/caffeinemc/mods/sodium/client/render/frapi/render/AbstractBlockRenderContext)
[17:21:45] [main/WARN]: @Mixin target net.caffeinemc.mods.sodium.client.render.frapi.render.AbstractBlockRenderContext was not found mixins.sodiumleafculling.json:AbstractBlockRenderContextAccessor from mod sodiumleafculling
[17:21:45] [main/WARN]: Error loading class: net/caffeinemc/mods/sodium/client/render/chunk/compile/pipeline/BlockOcclusionCache (java.lang.ClassNotFoundException: net/caffeinemc/mods/sodium/client/render/chunk/compile/pipeline/BlockOcclusionCache)
[17:21:45] [main/WARN]: @Mixin target net.caffeinemc.mods.sodium.client.render.chunk.compile.pipeline.BlockOcclusionCache was not found mixins.sodiumleafculling.json:BlockOcclusionCacheMixin from mod sodiumleafculling
[17:21:45] [main/WARN]: Error loading class: net/caffeinemc/mods/sodium/client/render/chunk/compile/pipeline/BlockRenderer (java.lang.ClassNotFoundException: net/caffeinemc/mods/sodium/client/render/chunk/compile/pipeline/BlockRenderer)
[17:21:45] [main/WARN]: @Mixin target net.caffeinemc.mods.sodium.client.render.chunk.compile.pipeline.BlockRenderer was not found mixins.sodiumleafculling.json:BlockRendererMixin from mod sodiumleafculling
[17:21:45] [main/WARN]: Error loading class: net/caffeinemc/mods/sodium/client/gui/SodiumGameOptions$PerformanceSettings (java.lang.ClassNotFoundException: net/caffeinemc/mods/sodium/client/gui/SodiumGameOptions$PerformanceSettings)
[17:21:45] [main/WARN]: @Mixin target net.caffeinemc.mods.sodium.client.gui.SodiumGameOptions$PerformanceSettings was not found mixins.sodiumleafculling.json:PerformanceSettingsMixin from mod sodiumleafculling
[17:21:45] [main/WARN]: Error loading class: net/caffeinemc/mods/sodium/client/gui/SodiumGameOptionPages (java.lang.ClassNotFoundException: net/caffeinemc/mods/sodium/client/gui/SodiumGameOptionPages)
[17:21:45] [main/WARN]: @Mixin target net.caffeinemc.mods.sodium.client.gui.SodiumGameOptionPages was not found mixins.sodiumleafculling.json:SodiumGameOptionPagesMixin from mod sodiumleafculling
[17:21:45] [main/INFO]: Initializing MixinExtras via com.llamalad7.mixinextras.service.MixinExtrasServiceImpl(version=0.4.1).
[17:21:48] [main/INFO]: Injecting BlockStateBase cache population hook into lithium$getPathNodeType from me.jellysquid.mods.lithium.mixin.ai.pathing.AbstractBlockStateMixin
[17:21:48] [main/INFO]: Injecting BlockStateBase cache population hook into lithium$getAllFlags from me.jellysquid.mods.lithium.mixin.util.block_tracking.AbstractBlockStateMixin
[17:21:48] [main/INFO]: Injecting BlockStateBase cache population hook into lithium$getNeighborPathNodeType from me.jellysquid.mods.lithium.mixin.ai.pathing.AbstractBlockStateMixin
[17:21:49] [main/WARN]: Method overwrite conflict for method_21740 in modernfix-common.mixins.json:perf.remove_biome_temperature_cache.BiomeMixin from mod modernfix, previously written by me.jellysquid.mods.lithium.mixin.world.temperature_cache.BiomeMixin. Skipping method.
[17:21:53] [main/INFO]: Vanilla bootstrap took 7045 milliseconds
[17:21:54] [main/INFO]: [STDOUT]: Team Addoners Initializing
[17:21:55] [main/ERROR]: No data fixer registered for 
[17:21:55] [main/INFO]: Registered the FluidEffect with Unique ID of minecraft:water for minecraft:water 81000 with the ID 0
[17:21:55] [main/INFO]: Registered the FluidEffect with Unique ID of minecraft:lava for minecraft:lava 81000 with the ID 1
[17:21:55] [main/INFO]: Registered the FluidEffect with Unique ID of travelersbackpack:potion for travelersbackpack:potion_still 27000 with the ID 2
[17:21:55] [main/INFO]: Registered the FluidEffect with Unique ID of travelersbackpack:milk for travelersbackpack:milk_still 81000 with the ID 3
[17:21:55] [main/INFO]: Environment: Environment[sessionHost=https://sessionserver.mojang.com, servicesHost=https://api.minecraftservices.com, name=PROD]
[17:21:58] [main/INFO]: Loaded 1415 recipes
[17:21:58] [main/INFO]: Loaded 1524 advancements
[17:21:59] [main/INFO]: Applied 0 biome modifications to 0 of 64 new biomes in 3.405 ms
[17:21:59] [Server thread/INFO]: Starting minecraft server version 1.21.1
[17:21:59] [Server thread/INFO]: Loading properties
[17:21:59] [Server thread/INFO]: Default game type: SURVIVAL
[17:21:59] [Server thread/INFO]: Generating keypair
[17:21:59] [Server thread/INFO]: Starting Minecraft server on *:25565
[17:21:59] [Server thread/INFO]: Using epoll channel type
[17:21:59] [Server thread/WARN]: **** SERVER IS RUNNING IN OFFLINE/INSECURE MODE!
[17:21:59] [Server thread/WARN]: The server will make no attempt to authenticate usernames. Beware.
[17:21:59] [Server thread/WARN]: While this makes the game possible to play without internet access, it also opens up the ability for hackers to connect with any username they choose.
[17:21:59] [Server thread/WARN]: To change this, set "online-mode" to "true" in the server.properties file.
[17:21:59] [Server thread/INFO]: Preparing level "world"
[17:21:59] [Server thread/WARN]: Method overwrite conflict for removeIf in modernfix-common.mixins.json:bugfix.paper_chunk_patches.SortedArraySetMixin from mod modernfix, previously written by me.jellysquid.mods.lithium.mixin.collections.chunk_tickets.SortedArraySetMixin. Skipping method.
[17:22:00] [Server thread/INFO]: Preparing start region for dimension minecraft:overworld
[17:22:01] [Worker-Main-3/INFO]: Preparing spawn area: 0%
[17:22:01] [Worker-Main-3/INFO]: Preparing spawn area: 0%
[17:22:01] [Worker-Main-3/INFO]: Preparing spawn area: 0%
[17:22:01] [Server thread/INFO]: Time elapsed: 1418 ms
[17:22:01] [Server thread/INFO]: Done (2.154s)! For help, type "help"
[17:22:01] [Server thread/WARN]: Dedicated server took 20.097 seconds to load
[17:22:32] [Server thread/INFO]: CreeperHunte2068[/100.76.66.75:52948] logged in with entity id 32 at (3911.3016430626003, 71.0, -187.34393643018242)
[17:22:32] [Server thread/INFO]: Loading config from file...
[17:22:32] [Server thread/INFO]: CreeperHunte2068 joined the game
[17:36:01] [Server thread/WARN]: Mismatch in destroy block pos: class_2338{x=3900, y=87, z=-150} class_2338{x=3900, y=86, z=-151}
[17:36:01] [Server thread/WARN]: Mismatch in destroy block pos: class_2338{x=3900, y=87, z=-150} class_2338{x=3900, y=86, z=-151}
[17:36:01] [Server thread/WARN]: Mismatch in destroy block pos: class_2338{x=3900, y=87, z=-150} class_2338{x=3900, y=86, z=-151}
[17:36:13] [Server thread/WARN]: Mismatch in destroy block pos: class_2338{x=3891, y=88, z=-145} class_2338{x=3895, y=87, z=-145}
[17:36:13] [Server thread/WARN]: Mismatch in destroy block pos: class_2338{x=3891, y=88, z=-145} class_2338{x=3893, y=86, z=-145}
[17:37:49] [Server thread/WARN]: Mismatch in destroy block pos: class_2338{x=3901, y=83, z=-164} class_2338{x=3901, y=83, z=-163}
[17:37:49] [Server thread/WARN]: Mismatch in destroy block pos: class_2338{x=3901, y=83, z=-164} class_2338{x=3901, y=83, z=-163}
[17:37:49] [Server thread/WARN]: Mismatch in destroy block pos: class_2338{x=3901, y=83, z=-164} class_2338{x=3901, y=83, z=-163}
[17:37:49] [Server thread/WARN]: Mismatch in destroy block pos: class_2338{x=3901, y=83, z=-164} class_2338{x=3901, y=83, z=-163}
[17:37:49] [Server thread/WARN]: Mismatch in destroy block pos: class_2338{x=3901, y=83, z=-164} class_2338{x=3901, y=83, z=-163}
[17:37:49] [Server thread/WARN]: Mismatch in destroy block pos: class_2338{x=3901, y=83, z=-164} class_2338{x=3901, y=83, z=-163}
[17:38:33] [Server thread/WARN]: Mismatch in destroy block pos: class_2338{x=3889, y=82, z=-161} class_2338{x=3890, y=82, z=-159}
[17:38:36] [Server thread/WARN]: Mismatch in destroy block pos: class_2338{x=3890, y=80, z=-168} class_2338{x=3889, y=79, z=-166}
[17:38:41] [Server thread/WARN]: Mismatch in destroy block pos: class_2338{x=3889, y=85, z=-176} class_2338{x=3888, y=82, z=-176}
[17:39:32] [Server thread/WARN]: Mismatch in destroy block pos: class_2338{x=3901, y=81, z=-155} class_2338{x=3902, y=81, z=-158}
[17:40:11] [Server thread/WARN]: Mismatch in destroy block pos: class_2338{x=3898, y=83, z=-151} class_2338{x=3902, y=81, z=-158}
[17:40:11] [Server thread/WARN]: Mismatch in destroy block pos: class_2338{x=3898, y=83, z=-151} class_2338{x=3902, y=81, z=-158}
[17:40:11] [Server thread/WARN]: Mismatch in destroy block pos: class_2338{x=3898, y=83, z=-151} class_2338{x=3902, y=81, z=-158}
[17:40:29] [Server thread/WARN]: Mismatch in destroy block pos: class_2338{x=3894, y=82, z=-161} class_2338{x=3894, y=82, z=-160}
[17:40:42] [Server thread/WARN]: Mismatch in destroy block pos: class_2338{x=3891, y=82, z=-160} class_2338{x=3888, y=81, z=-152}
[17:40:42] [Server thread/WARN]: Mismatch in destroy block pos: class_2338{x=3891, y=82, z=-160} class_2338{x=3888, y=81, z=-152}
[17:40:47] [Server thread/WARN]: Mismatch in destroy block pos: class_2338{x=3889, y=80, z=-160} class_2338{x=3889, y=80, z=-159}
[17:40:59] [Server thread/WARN]: Mismatch in destroy block pos: class_2338{x=3901, y=80, z=-160} class_2338{x=3903, y=80, z=-160}
[17:40:59] [Server thread/WARN]: Mismatch in destroy block pos: class_2338{x=3902, y=81, z=-160} class_2338{x=3901, y=81, z=-161}
[17:41:11] [Server thread/WARN]: Mismatch in destroy block pos: class_2338{x=3897, y=81, z=-149} class_2338{x=3896, y=80, z=-149}
[17:41:11] [Server thread/WARN]: Mismatch in destroy block pos: class_2338{x=3897, y=81, z=-149} class_2338{x=3896, y=80, z=-149}
[17:41:12] [Server thread/WARN]: Mismatch in destroy block pos: class_2338{x=3897, y=81, z=-149} class_2338{x=3896, y=80, z=-149}
[17:41:12] [Server thread/WARN]: Mismatch in destroy block pos: class_2338{x=3897, y=81, z=-149} class_2338{x=3896, y=80, z=-149}
[17:41:12] [Server thread/WARN]: Mismatch in destroy block pos: class_2338{x=3897, y=81, z=-149} class_2338{x=3896, y=80, z=-149}
[17:55:06] [Server thread/WARN]: Mismatch in destroy block pos: class_2338{x=3905, y=79, z=-161} class_2338{x=3905, y=79, z=-158}
[17:55:41] [Server thread/WARN]: Mismatch in destroy block pos: class_2338{x=3891, y=79, z=-174} class_2338{x=3891, y=77, z=-175}
[17:55:41] [Server thread/WARN]: Mismatch in destroy block pos: class_2338{x=3892, y=79, z=-174} class_2338{x=3892, y=78, z=-174}
[17:55:41] [Server thread/WARN]: Mismatch in destroy block pos: class_2338{x=3892, y=79, z=-174} class_2338{x=3892, y=78, z=-174}
[17:55:41] [Server thread/WARN]: Mismatch in destroy block pos: class_2338{x=3892, y=79, z=-174} class_2338{x=3892, y=78, z=-174}
[17:55:41] [Server thread/WARN]: Mismatch in destroy block pos: class_2338{x=3892, y=79, z=-174} class_2338{x=3892, y=78, z=-174}
[17:55:41] [Server thread/WARN]: Mismatch in destroy block pos: class_2338{x=3892, y=79, z=-174} class_2338{x=3892, y=78, z=-174}
[17:55:50] [Server thread/WARN]: Mismatch in destroy block pos: class_2338{x=3892, y=79, z=-163} class_2338{x=3892, y=78, z=-162}
[17:55:50] [Server thread/WARN]: Mismatch in destroy block pos: class_2338{x=3895, y=78, z=-164} class_2338{x=3893, y=77, z=-165}
[17:55:50] [Server thread/WARN]: Mismatch in destroy block pos: class_2338{x=3895, y=78, z=-164} class_2338{x=3893, y=77, z=-165}
[17:55:50] [Server thread/WARN]: Mismatch in destroy block pos: class_2338{x=3895, y=78, z=-164} class_2338{x=3893, y=77, z=-165}
[18:04:47] [Server thread/WARN]: Mismatch in destroy block pos: class_2338{x=3906, y=77, z=-159} class_2338{x=3890, y=75, z=-146}
[18:05:40] [Server thread/WARN]: Mismatch in destroy block pos: class_2338{x=3889, y=82, z=-186} class_2338{x=3889, y=79, z=-187}
[18:05:40] [Server thread/WARN]: Mismatch in destroy block pos: class_2338{x=3889, y=82, z=-186} class_2338{x=3889, y=79, z=-187}
[18:05:40] [Server thread/WARN]: Mismatch in destroy block pos: class_2338{x=3889, y=82, z=-186} class_2338{x=3889, y=79, z=-187}
[18:05:40] [Server thread/WARN]: Mismatch in destroy block pos: class_2338{x=3889, y=82, z=-186} class_2338{x=3889, y=79, z=-187}
[18:05:40] [Server thread/WARN]: Mismatch in destroy block pos: class_2338{x=3889, y=82, z=-186} class_2338{x=3889, y=79, z=-187}
[18:05:40] [Server thread/WARN]: Mismatch in destroy block pos: class_2338{x=3889, y=82, z=-186} class_2338{x=3889, y=79, z=-187}
[18:05:40] [Server thread/WARN]: Mismatch in destroy block pos: class_2338{x=3889, y=82, z=-186} class_2338{x=3889, y=79, z=-187}
[18:05:40] [Server thread/WARN]: Mismatch in destroy block pos: class_2338{x=3889, y=82, z=-186} class_2338{x=3889, y=79, z=-187}
[18:05:40] [Server thread/WARN]: Mismatch in destroy block pos: class_2338{x=3889, y=82, z=-186} class_2338{x=3889, y=79, z=-187}
[18:05:51] [Server thread/WARN]: Mismatch in destroy block pos: class_2338{x=3888, y=82, z=-187} class_2338{x=3888, y=80, z=-187}
[18:11:37] [Server thread/WARN]: Mismatch in destroy block pos: class_2338{x=3891, y=73, z=-184} class_2338{x=3891, y=73, z=-187}
[18:23:12] [Server thread/INFO]: CreeperHunte2068 lost connection: Disconnected
[18:23:12] [Server thread/INFO]: CreeperHunte2068 left the game
